<?xml version="1.0"?>
<testsuites>
  <testsuite name="Firefox 21.0 (Linux)" package="" timestamp="2013-10-22T11:10:17" id="0" hostname="ngUSD-vm" tests="3" errors="0" failures="1" time="0.04">
    <properties>
      <property name="browser.fullName" value="Mozilla/5.0 (X11; Ubuntu; Linux i686; rv:21.0) Gecko/20100101 Firefox/21.0"/>
    </properties>
    <testcase name="should inject Config" time="0.024" classname="Firefox 21.0 (Linux).Service :: config"/>
    <testcase name="should be able to load config from server" time="0.011" classname="Firefox 21.0 (Linux).Service :: config">
      <failure type="">TypeError: $rootScope.$broadcast(...) is undefined in /home/ngUSD/Code/ngUSD/ngUSD-client/app/components/angular/angular.js (line 5808)
$locationWatch/&lt;@/home/ngUSD/Code/ngUSD/ngUSD-client/app/components/angular/angular.js:5808
Scope.prototype.$eval@/home/ngUSD/Code/ngUSD/ngUSD-client/app/components/angular/angular.js:8218
Scope.prototype.$digest@/home/ngUSD/Code/ngUSD/ngUSD-client/app/components/angular/angular.js:8077
Scope.prototype.$apply@/home/ngUSD/Code/ngUSD/ngUSD-client/app/components/angular/angular.js:8304
done@/home/ngUSD/Code/ngUSD/ngUSD-client/app/components/angular/angular.js:9357
$httpBackend/&lt;@/home/ngUSD/Code/ngUSD/ngUSD-client/app/components/angular-mocks/angular-mocks.js:949
$httpBackend.flush@/home/ngUSD/Code/ngUSD/ngUSD-client/app/components/angular-mocks/angular-mocks.js:1237
@/home/ngUSD/Code/ngUSD/ngUSD-client/test/spec/services/config.js:19
invoke@/home/ngUSD/Code/ngUSD/ngUSD-client/app/components/angular/angular.js:3000
workFn@/home/ngUSD/Code/ngUSD/ngUSD-client/app/components/angular-mocks/angular-mocks.js:1795

angular.mock.inject@/home/ngUSD/Code/ngUSD/ngUSD-client/app/components/angular-mocks/angular-mocks.js:1781
@/home/ngUSD/Code/ngUSD/ngUSD-client/test/spec/services/config.js:13
@/home/ngUSD/Code/ngUSD/ngUSD-client/test/spec/services/config.js:3

</failure>
    </testcase>
    <testcase name="should inject ConfigResource" time="0.005" classname="Firefox 21.0 (Linux).Service :: restServices"/>
    <system-out><![CDATA[Firefox 21.0 (Linux) LOG: { testDocumentationDirPath: 'webtestDocuContentExample',
  defaultBuildName: 'current',
  scenarioPropertiesInOverview: 'userProfile, configuration',
  applicationInformation: 'This is my personal copy of ngUSD :-)',
  buildstates: 
   { failed: 'label-important',
     success: 'label-success',
     warning: 'label-warning' },
  defaultBranchName: 'trunk' }

]]></system-out>
    <system-err/>
  </testsuite>
</testsuites>
